['../scripts/spawnjob.py']
Sun May  2 20:45:43 EDT 2021 Spawn job process 14624 started on icsubmit01.sdcc.bnl.gov
Found 1 cases... [['a.1848', 'L.112']]
Setting up myJobID 0005 with NCASES 1 in NJOBS 1 LATS a.1848 TSRCS L.112
python ../scripts/make-allHISQ-prompts.py a.1848 L.112 1 1 0005 runJob0005.sh ../scripts/params-allHISQ-plus5.yaml ../scripts/params-launch.yaml params-ens.yaml params-machine.yaml
sbatch -N 4 -n 8 -t 0:10:00 -J allHISQ  run.slurm
['Submitted batch job 781904']
Sun May  2 20:45:49 EDT 2021 Submitted job 781904 for runCmdFile runJob0005.sh
No more lattices. Nanny quitting.
['../scripts/spawnjob.py']
Mon May  3 16:45:51 EDT 2021 Spawn job process 28920 started on icsubmit01.sdcc.bnl.gov
Found 1 cases... [['a.1848', 'F.136']]
Setting up myJobID 0008 with NCASES 1 in NJOBS 1 LATS a.1848 TSRCS F.136
python ../scripts/make-allHISQ-prompts.py a.1848 F.136 1 1 0008 runJob0008.sh ../scripts/params-allHISQ-plus5.yaml ../scripts/params-launch.yaml params-ens.yaml params-machine.yaml
sbatch -N 4 -n 8 -t 4:00:00 -J allHISQ  run.slurm
['Submitted batch job 782269']
Mon May  3 16:45:56 EDT 2021 Submitted job 782269 for runCmdFile runJob0008.sh
Found 1 cases... [['a.1848', 'L.112']]
Setting up myJobID 0009 with NCASES 1 in NJOBS 1 LATS a.1848 TSRCS L.112
python ../scripts/make-allHISQ-prompts.py a.1848 L.112 1 1 0009 runJob0009.sh ../scripts/params-allHISQ-plus5.yaml ../scripts/params-launch.yaml params-ens.yaml params-machine.yaml
sbatch -N 4 -n 8 -t 4:00:00 -J allHISQ  run.slurm
['Submitted batch job 782270']
Mon May  3 16:46:31 EDT 2021 Submitted job 782270 for runCmdFile runJob0009.sh
