Wed Mar 17 15:24:50 EDT 2021 Spawn job process 29854 started on icsubmit01.sdcc.bnl.gov
Found 1 cases... ['a.1848']
sbatch -N 4 -t 6:00:00 -J allHISQ  run.slurm
['Submitted batch job 757771']
Wed Mar 17 15:24:50 EDT 2021 Submitted job 757771 for cfgs ['a.1848']
Mon Apr 19 23:15:22 EDT 2021 Spawn job process 5353 started on icsubmit01.sdcc.bnl.gov
Found 1 cases... ['a.1848']
sbatch -N 4 -t 6:00:00 -J allHISQ  run.slurm
['Submitted batch job 773254']
Mon Apr 19 23:15:23 EDT 2021 Submitted job 773254 for cfgs ['a.1848']
['../scripts/spawnjob.py']
Mon May  3 06:35:01 EDT 2021 Spawn job process 18032 started on icsubmit01.sdcc.bnl.gov
Found 1 cases... [['a.1848', 'F.136']]
Setting up myJobID 0006 with NCASES 1 in NJOBS 1 LATS a.1848 TSRCS F.136
python ../scripts/make-allHISQ-prompts.py a.1848 F.136 1 1 0006 runJob0006.sh ../scripts/params-allHISQ-plus5.yaml ../scripts/params-launch.yaml params-ens.yaml params-machine.yaml
sbatch -N 4 -n 8 -t 3:00:00 -J allHISQ  run.slurm
['Submitted batch job 782040']
Mon May  3 06:35:07 EDT 2021 Submitted job 782040 for runCmdFile runJob0006.sh
Found 1 cases... [['a.1848', 'L.112']]
Setting up myJobID 0007 with NCASES 1 in NJOBS 1 LATS a.1848 TSRCS L.112
python ../scripts/make-allHISQ-prompts.py a.1848 L.112 1 1 0007 runJob0007.sh ../scripts/params-allHISQ-plus5.yaml ../scripts/params-launch.yaml params-ens.yaml params-machine.yaml
sbatch -N 4 -n 8 -t 3:00:00 -J allHISQ  run.slurm
['Submitted batch job 782042']
Mon May  3 06:38:13 EDT 2021 Submitted job 782042 for runCmdFile runJob0007.sh
No more lattices. Nanny quitting.
